INFO:root:{'name': 'Fateme Nikkhah', 'headline': '--', 'company': 'None', 'education': 'University of Zanjan', 'location': 'Iran', 'connections': '40 connections'}
INFO:root:{'name': 'Hadi Nejad Beik Babaei', 'headline': 'Frontend Developer at Divar', 'company': 'Divar', 'education': 'University of Zanjan', 'location': 'Tehran, Iran', 'connections': '500+ connections'}
INFO:root:{'name': 'Mahdy Nouroozi', 'headline': 'Software engineer student at Zanjan University', 'company': 'None', 'education': 'University of Zanjan', 'location': 'Iran', 'connections': '25 connections'}
INFO:root:{'name': 'Faranak Heydari', 'headline': 'Software Engineer | Back-end Developer', 'company': 'Boomino', 'education': 'University of Zanjan', 'location': 'Tehran, Iran', 'connections': '457 connections'}
INFO:root:{'name': 'Mateen Bagheri Asl', 'headline': 'Freelance programmer and Self-employed', 'company': 'Self-employed', 'education': 'University of Zanjan', 'location': 'Zanjan, Iran', 'connections': '151 connections'}
INFO:root:{'name': 'Ali Esmaeili', 'headline': 'web developer', 'company': 'None', 'education': 'University of Zanjan', 'location': 'Qazvin, Iran', 'connections': '108 connections'}
INFO:root:{'name': 'Hamidreza rahmani', 'headline': '.NET CORE DEVELOPER', 'company': 'EdsabCo', 'education': 'University of Zanjan', 'location': 'Qazvin, Iran', 'connections': '107 connections'}
INFO:root:{'name': 'Mahtab Gholizadeh', 'headline': 'Product Designer at Digikala.com', 'company': 'Digikala.com', 'education': 'University of Zanjan', 'location': 'Iran', 'connections': '500+ connections'}
INFO:root:{'name': 'Kiandokht Bodaqi', 'headline': 'Junior Frontend developer at Hamrahe Aval (MCI)', 'company': 'Hamrahe Aval (MCI)', 'education': 'University of Zanjan', 'location': 'Iran', 'connections': '500+ connections'}
INFO:root:{'name': 'Mohammad Nabizadeh Ardakani', 'headline': 'Front-end developer & Student at University of Zanjan & Self-employed', 'company': 'None', 'education': 'University of Zanjan', 'location': 'Tehran, Iran', 'connections': '127 connections'}
INFO:root:{'name': 'milad abdollahi', 'headline': 'Backend Developer at khodro45', 'company': 'Khodro45 | خودرو45', 'education': 'University of Zanjan', 'location': 'Tehran, Tehran, Iran', 'connections': '500+ connections'}
INFO:root:{'name': 'maghsood esmaeili', 'headline': 'Back End Developer at Shaya Smart Solutions', 'company': 'Hamrahe Aval (MCI)', 'education': 'University of Zanjan', 'location': 'Tehran, Iran', 'connections': '500+ connections'}
INFO:root:{'name': 'Mahsa Movaffagh', 'headline': '👩\u200d💻', 'company': 'None', 'education': 'University of Zanjan', 'location': 'Iran', 'connections': '69 connections'}
INFO:root:{'name': 'سعید رنجبر', 'headline': 'Technical Lead at FANAP', 'company': 'Fanap Soft', 'education': 'Zanjan University', 'location': 'Iran', 'connections': '500+ connections'}
INFO:root:{'name': 'Homa Semsarha', 'headline': 'AI developer at OPTime_AI', 'company': 'OPTime_AI | آپتایم', 'education': 'Iran University of Science and Technology', 'location': 'Tehran, Iran', 'connections': '206 connections'}
INFO:root:{'name': 'MMahdi Marvi', 'headline': 'Student at University of Zanjan', 'company': 'None', 'education': 'University of Zanjan', 'location': 'Iran', 'connections': '171 connections'}
INFO:root:{'name': 'maryam sadeghi', 'headline': 'Junior Frontend Developer', 'company': 'None', 'education': 'University of Zanjan', 'location': 'Alborz Province, Iran', 'connections': '500+ connections'}
INFO:root:{'name': 'Reza Shafiloo', 'headline': 'Researcher at Cognitive Electronic commerce Research group', 'company': 'Cognitive Electronic Commerce Research group', 'education': 'University of Isfahan', 'location': 'Iran', 'connections': '87 connections'}
INFO:root:{'name': 'Amirmasoud Hajizadeh', 'headline': '.Net and Android developer', 'company': 'EdsabCo', 'education': 'University of Zanjan', 'location': 'Tehran, Iran', 'connections': '267 connections'}
INFO:root:{'name': 'Mohadese JKhosravi', 'headline': 'Back-end developer', 'company': 'Asarad', 'education': 'Alzahra University', 'location': 'Qazvin, Iran', 'connections': '411 connections'}
INFO:root:{'name': 'maryam pirjamaat', 'headline': 'CE- Student 💻\ngrowing as Front-End developer', 'company': 'None', 'education': 'University of Zanjan', 'location': 'Zanjan, Iran', 'connections': '500+ connections'}
INFO:root:{'name': 'Mohammad H. Abedi', 'headline': 'M.Sc. Student in Artificial Intelligence', 'company': 'Rayanesh Mobin Hooshyar', 'education': 'Shahid Beheshti University', 'location': 'Iran', 'connections': '404 connections'}
INFO:root:{'name': 'Sara Veiseh', 'headline': 'Junior Front-end Developer at Utopiops', 'company': 'Utopiops', 'education': 'University of Zanjan', 'location': 'Karaj County, Alborz Province, Iran', 'connections': '500+ connections'}
INFO:root:{'name': 'Farzaneh Vl', 'headline': 'Student at University of Zanjan', 'company': 'Maktab Sharif مکتب شریف', 'education': 'University of Zanjan', 'location': 'Tehran, Iran', 'connections': '472 connections'}
INFO:root:{'name': 'Maysam Pasdari', 'headline': 'Software Engineer (Java)', 'company': 'SanayCo', 'education': 'Zanjan University', 'location': 'Iran', 'connections': '500+ connections'}
INFO:root:{'name': 'Maryam Mahdioun', 'headline': '--', 'company': 'None', 'education': 'University of Zanjan', 'location': 'Zanjān, Zanjan, Iran', 'connections': '25 connections'}
INFO:root:{'name': 'Mohammad Khalilzadeh', 'headline': 'Founder, CEO, Software Developer and Designer', 'company': 'TradeMaster', 'education': 'University of Zanjan', 'location': 'Qazvin, Iran', 'connections': '500+ connections'}
INFO:root:{'name': 'Amir Pouya Cheraghi', 'headline': 'Marketing Enthusiastic', 'company': 'None', 'education': 'Amirkabir University of Technology - Tehran Polytechnic', 'location': 'Iran', 'connections': '500+ connections'}
INFO:root:{'name': 'zohreh pourghannad', 'headline': 'Senior ui/ux designer at Kian Digital', 'company': 'Kian Digital', 'education': 'Iran University of Science and Technology', 'location': 'Tehran, Iran', 'connections': '500+ connections'}
INFO:root:{'name': 'Ahmad Mohammadi', 'headline': 'Backend fullstack developer', 'company': 'None', 'education': 'Kian Tejarat', 'location': 'Tehran, Iran', 'connections': '500+ connections'}
INFO:root:{'name': 'MahNaz Horrieh', 'headline': 'Aircraft Maintenance Engineer at Mahan Air', 'company': 'Mahan Air', 'education': 'Aviation University', 'location': 'Iran', 'connections': '500+ connections'}
INFO:root:{'name': 'Hamid Ghobaei Namhal', 'headline': 'Research And Development Specialist at Green Diamond Tree', 'company': 'None', 'education': 'University of Zanjan', 'location': 'Zanjan, Iran', 'connections': '500+ connections'}
INFO:root:{'name': 'Nicholas Renotte', 'headline': 'Data Science Specialist at IBM', 'company': 'IBM', 'education': 'Chartered Accountants Australia and New Zealand', 'location': 'Sydney, New South Wales, Australia', 'connections': '7,290 followers'}
INFO:root:{'name': 'Ehsan Norouzian', 'headline': 'CTO and Co-Founder at LBS\nComputer Engineer', 'company': 'LBS', 'education': 'University of Zanjan', 'location': 'Iran', 'connections': '47 connections'}
INFO:root:{'name': 'amir Alikhan', 'headline': 'Student at University of Zanjan', 'company': 'None', 'education': 'University of Zanjan', 'location': 'Zanjan, Iran', 'connections': '292 connections'}
INFO:root:{'name': 'Mohammad Ordikhani', 'headline': 'Looking for Ph.D. position in Machine Learning & Data Science & Artificial Intelligence', 'company': 'Tarbiat Modares University', 'education': 'Tarbiat Modares University', 'location': 'Tehran, Iran', 'connections': '500+ connections'}
INFO:root:{'name': 'Hadise Mahmoudi', 'headline': 'M.Sc of Artificial Intelligence and Robotics', 'company': 'None', 'education': 'Iran University of Science and Technology', 'location': 'Qazvin, Iran', 'connections': '2 connections'}
